c:\users\user\desktop\сдать, на флеху кинь\курсачsp\win32project13\win32project13\debug\vc141.pdb
c:\users\user\desktop\сдать, на флеху кинь\курсачsp\win32project13\win32project13\debug\vc141.idb
c:\users\user\desktop\сдать, на флеху кинь\курсачsp\win32project13\win32project13\debug\beatline.obj
c:\users\user\desktop\сдать, на флеху кинь\курсачsp\win32project13\win32project13\debug\chrd.obj
c:\users\user\desktop\сдать, на флеху кинь\курсачsp\win32project13\win32project13\debug\element.obj
c:\users\user\desktop\сдать, на флеху кинь\курсачsp\win32project13\win32project13\debug\main.obj
c:\users\user\desktop\сдать, на флеху кинь\курсачsp\win32project13\win32project13\debug\fragment.obj
c:\users\user\desktop\сдать, на флеху кинь\курсачsp\win32project13\win32project13\debug\note.obj
c:\users\user\desktop\сдать, на флеху кинь\курсачsp\win32project13\win32project13\debug\pause.obj
c:\users\user\desktop\сдать, на флеху кинь\курсачsp\win32project13\debug\win32project13.exe
c:\users\user\desktop\сдать, на флеху кинь\курсачsp\win32project13\debug\win32project13.ilk
c:\users\user\desktop\сдать, на флеху кинь\курсачsp\win32project13\debug\win32project13.pdb
c:\users\user\desktop\сдать, на флеху кинь\курсачsp\win32project13\win32project13\debug\resource.res
c:\users\user\desktop\сдать, на флеху кинь\курсачsp\win32project13\win32project13\debug\win32project13.tlog\cl.command.1.tlog
c:\users\user\desktop\сдать, на флеху кинь\курсачsp\win32project13\win32project13\debug\win32project13.tlog\cl.read.1.tlog
c:\users\user\desktop\сдать, на флеху кинь\курсачsp\win32project13\win32project13\debug\win32project13.tlog\cl.write.1.tlog
c:\users\user\desktop\сдать, на флеху кинь\курсачsp\win32project13\win32project13\debug\win32project13.tlog\link.command.1.tlog
c:\users\user\desktop\сдать, на флеху кинь\курсачsp\win32project13\win32project13\debug\win32project13.tlog\link.read.1.tlog
c:\users\user\desktop\сдать, на флеху кинь\курсачsp\win32project13\win32project13\debug\win32project13.tlog\link.write.1.tlog
c:\users\user\desktop\сдать, на флеху кинь\курсачsp\win32project13\win32project13\debug\win32project13.tlog\rc.command.1.tlog
c:\users\user\desktop\сдать, на флеху кинь\курсачsp\win32project13\win32project13\debug\win32project13.tlog\rc.read.1.tlog
c:\users\user\desktop\сдать, на флеху кинь\курсачsp\win32project13\win32project13\debug\win32project13.tlog\rc.write.1.tlog
